mode: set
github.com/aminulislamabid/task-tracker-cli/cmd/main.go:14.13,16.16 2 0
github.com/aminulislamabid/task-tracker-cli/cmd/main.go:16.16,19.3 2 0
github.com/aminulislamabid/task-tracker-cli/cmd/main.go:21.2,21.22 1 0
github.com/aminulislamabid/task-tracker-cli/cmd/main.go:21.22,24.3 2 0
github.com/aminulislamabid/task-tracker-cli/cmd/main.go:26.2,28.17 2 0
github.com/aminulislamabid/task-tracker-cli/cmd/main.go:29.13,30.23 1 0
github.com/aminulislamabid/task-tracker-cli/cmd/main.go:30.23,33.4 2 0
github.com/aminulislamabid/task-tracker-cli/cmd/main.go:34.3,35.41 2 0
github.com/aminulislamabid/task-tracker-cli/cmd/main.go:37.16,38.23 1 0
github.com/aminulislamabid/task-tracker-cli/cmd/main.go:38.23,41.4 2 0
github.com/aminulislamabid/task-tracker-cli/cmd/main.go:42.3,43.17 2 0
github.com/aminulislamabid/task-tracker-cli/cmd/main.go:43.17,46.4 2 0
github.com/aminulislamabid/task-tracker-cli/cmd/main.go:47.3,48.17 2 0
github.com/aminulislamabid/task-tracker-cli/cmd/main.go:48.17,50.4 1 0
github.com/aminulislamabid/task-tracker-cli/cmd/main.go:50.9,52.4 1 0
github.com/aminulislamabid/task-tracker-cli/cmd/main.go:54.16,55.23 1 0
github.com/aminulislamabid/task-tracker-cli/cmd/main.go:55.23,58.4 2 0
github.com/aminulislamabid/task-tracker-cli/cmd/main.go:59.3,60.17 2 0
github.com/aminulislamabid/task-tracker-cli/cmd/main.go:60.17,63.4 2 0
github.com/aminulislamabid/task-tracker-cli/cmd/main.go:64.3,65.17 2 0
github.com/aminulislamabid/task-tracker-cli/cmd/main.go:65.17,67.4 1 0
github.com/aminulislamabid/task-tracker-cli/cmd/main.go:67.9,69.4 1 0
github.com/aminulislamabid/task-tracker-cli/cmd/main.go:71.26,72.23 1 0
github.com/aminulislamabid/task-tracker-cli/cmd/main.go:72.23,75.4 2 0
github.com/aminulislamabid/task-tracker-cli/cmd/main.go:76.3,77.17 2 0
github.com/aminulislamabid/task-tracker-cli/cmd/main.go:77.17,80.4 2 0
github.com/aminulislamabid/task-tracker-cli/cmd/main.go:81.3,82.17 2 0
github.com/aminulislamabid/task-tracker-cli/cmd/main.go:82.17,84.4 1 0
github.com/aminulislamabid/task-tracker-cli/cmd/main.go:84.9,86.4 1 0
github.com/aminulislamabid/task-tracker-cli/cmd/main.go:88.19,89.23 1 0
github.com/aminulislamabid/task-tracker-cli/cmd/main.go:89.23,92.4 2 0
github.com/aminulislamabid/task-tracker-cli/cmd/main.go:93.3,94.17 2 0
github.com/aminulislamabid/task-tracker-cli/cmd/main.go:94.17,97.4 2 0
github.com/aminulislamabid/task-tracker-cli/cmd/main.go:98.3,99.17 2 0
github.com/aminulislamabid/task-tracker-cli/cmd/main.go:99.17,101.4 1 0
github.com/aminulislamabid/task-tracker-cli/cmd/main.go:101.9,103.4 1 0
github.com/aminulislamabid/task-tracker-cli/cmd/main.go:105.14,106.24 1 0
github.com/aminulislamabid/task-tracker-cli/cmd/main.go:106.24,108.28 2 0
github.com/aminulislamabid/task-tracker-cli/cmd/main.go:108.28,111.5 1 0
github.com/aminulislamabid/task-tracker-cli/cmd/main.go:112.9,114.28 2 0
github.com/aminulislamabid/task-tracker-cli/cmd/main.go:114.28,117.5 1 0
github.com/aminulislamabid/task-tracker-cli/cmd/main.go:120.10,121.42 1 0
github.com/aminulislamabid/task-tracker-cli/internal/utils/utils.go:12.14,15.2 2 0
github.com/aminulislamabid/task-tracker-cli/internal/utils/utils.go:18.44,20.16 2 0
github.com/aminulislamabid/task-tracker-cli/internal/utils/utils.go:20.16,22.3 1 0
github.com/aminulislamabid/task-tracker-cli/internal/utils/utils.go:23.2,23.13 1 0
github.com/aminulislamabid/task-tracker-cli/internal/utils/utils.go:26.40,27.30 1 0
github.com/aminulislamabid/task-tracker-cli/internal/utils/utils.go:27.30,28.31 1 0
github.com/aminulislamabid/task-tracker-cli/internal/utils/utils.go:28.31,30.4 1 0
github.com/aminulislamabid/task-tracker-cli/internal/utils/utils.go:33.2,33.12 1 0
github.com/aminulislamabid/task-tracker-cli/internal/utils/utils.go:36.57,37.16 1 0
github.com/aminulislamabid/task-tracker-cli/internal/utils/utils.go:38.14,39.21 1 0
github.com/aminulislamabid/task-tracker-cli/internal/utils/utils.go:40.21,41.27 1 0
github.com/aminulislamabid/task-tracker-cli/internal/utils/utils.go:42.14,43.21 1 0
github.com/aminulislamabid/task-tracker-cli/internal/utils/utils.go:44.10,45.21 1 0
github.com/aminulislamabid/task-tracker-cli/internal/task/task.go:12.51,22.2 3 1
github.com/aminulislamabid/task-tracker-cli/internal/task/task.go:24.68,26.17 2 1
github.com/aminulislamabid/task-tracker-cli/internal/task/task.go:26.17,28.3 1 0
github.com/aminulislamabid/task-tracker-cli/internal/task/task.go:30.2,32.36 3 1
github.com/aminulislamabid/task-tracker-cli/internal/task/task.go:35.48,36.36 1 1
github.com/aminulislamabid/task-tracker-cli/internal/task/task.go:36.36,37.20 1 1
github.com/aminulislamabid/task-tracker-cli/internal/task/task.go:37.20,40.4 2 1
github.com/aminulislamabid/task-tracker-cli/internal/task/task.go:42.2,42.37 1 0
github.com/aminulislamabid/task-tracker-cli/internal/task/task.go:45.52,47.17 2 1
github.com/aminulislamabid/task-tracker-cli/internal/task/task.go:47.17,49.3 1 0
github.com/aminulislamabid/task-tracker-cli/internal/task/task.go:50.2,52.36 3 1
github.com/aminulislamabid/task-tracker-cli/internal/task/task.go:55.46,57.17 2 1
github.com/aminulislamabid/task-tracker-cli/internal/task/task.go:57.17,59.3 1 0
github.com/aminulislamabid/task-tracker-cli/internal/task/task.go:60.2,62.36 3 1
github.com/aminulislamabid/task-tracker-cli/internal/task/task.go:65.32,67.2 1 1
github.com/aminulislamabid/task-tracker-cli/internal/task/task.go:69.64,71.36 2 1
github.com/aminulislamabid/task-tracker-cli/internal/task/task.go:71.36,72.28 1 1
github.com/aminulislamabid/task-tracker-cli/internal/task/task.go:72.28,74.4 1 1
github.com/aminulislamabid/task-tracker-cli/internal/task/task.go:76.2,76.14 1 1
github.com/aminulislamabid/task-tracker-cli/internal/utils/utils.go:12.14,15.2 2 1
github.com/aminulislamabid/task-tracker-cli/internal/utils/utils.go:18.44,20.16 2 0
github.com/aminulislamabid/task-tracker-cli/internal/utils/utils.go:20.16,22.3 1 0
github.com/aminulislamabid/task-tracker-cli/internal/utils/utils.go:23.2,23.13 1 0
github.com/aminulislamabid/task-tracker-cli/internal/utils/utils.go:26.40,27.30 1 1
github.com/aminulislamabid/task-tracker-cli/internal/utils/utils.go:27.30,28.31 1 1
github.com/aminulislamabid/task-tracker-cli/internal/utils/utils.go:28.31,30.4 1 1
github.com/aminulislamabid/task-tracker-cli/internal/utils/utils.go:33.2,33.12 1 0
github.com/aminulislamabid/task-tracker-cli/internal/utils/utils.go:36.57,37.16 1 0
github.com/aminulislamabid/task-tracker-cli/internal/utils/utils.go:38.14,39.21 1 0
github.com/aminulislamabid/task-tracker-cli/internal/utils/utils.go:40.21,41.27 1 0
github.com/aminulislamabid/task-tracker-cli/internal/utils/utils.go:42.14,43.21 1 0
github.com/aminulislamabid/task-tracker-cli/internal/utils/utils.go:44.10,45.21 1 0
github.com/aminulislamabid/task-tracker-cli/internal/storage/storage.go:10.39,12.16 2 1
github.com/aminulislamabid/task-tracker-cli/internal/storage/storage.go:12.16,13.25 1 0
github.com/aminulislamabid/task-tracker-cli/internal/storage/storage.go:13.25,15.4 1 0
github.com/aminulislamabid/task-tracker-cli/internal/storage/storage.go:16.3,16.13 1 0
github.com/aminulislamabid/task-tracker-cli/internal/storage/storage.go:19.2,19.44 1 1
github.com/aminulislamabid/task-tracker-cli/internal/storage/storage.go:22.39,24.16 2 1
github.com/aminulislamabid/task-tracker-cli/internal/storage/storage.go:24.16,26.3 1 0
github.com/aminulislamabid/task-tracker-cli/internal/storage/storage.go:28.2,28.43 1 1
github.com/aminulislamabid/task-tracker-cli/internal/utils/utils.go:12.14,15.2 2 0
github.com/aminulislamabid/task-tracker-cli/internal/utils/utils.go:18.44,20.16 2 1
github.com/aminulislamabid/task-tracker-cli/internal/utils/utils.go:20.16,22.3 1 0
github.com/aminulislamabid/task-tracker-cli/internal/utils/utils.go:23.2,23.13 1 1
github.com/aminulislamabid/task-tracker-cli/internal/utils/utils.go:26.40,27.30 1 0
github.com/aminulislamabid/task-tracker-cli/internal/utils/utils.go:27.30,28.31 1 0
github.com/aminulislamabid/task-tracker-cli/internal/utils/utils.go:28.31,30.4 1 0
github.com/aminulislamabid/task-tracker-cli/internal/utils/utils.go:33.2,33.12 1 0
github.com/aminulislamabid/task-tracker-cli/internal/utils/utils.go:36.57,37.16 1 0
github.com/aminulislamabid/task-tracker-cli/internal/utils/utils.go:38.14,39.21 1 0
github.com/aminulislamabid/task-tracker-cli/internal/utils/utils.go:40.21,41.27 1 0
github.com/aminulislamabid/task-tracker-cli/internal/utils/utils.go:42.14,43.21 1 0
github.com/aminulislamabid/task-tracker-cli/internal/utils/utils.go:44.10,45.21 1 0
